2022-02-11 12:26:27,097:INFO:PyCaret Supervised Module
2022-02-11 12:26:27,097:INFO:ML Usecase: clustering
2022-02-11 12:26:27,098:INFO:version 2.3.6
2022-02-11 12:26:27,099:INFO:Initializing setup()
2022-02-11 12:26:27,099:INFO:setup(target=None, ml_usecase=clustering, available_plots={'cluster': 'Cluster PCA Plot (2d)', 'tsne': 'Cluster TSnE (3d)', 'elbow': 'Elbow', 'silhouette': 'Silhouette', 'distance': 'Distance', 'distribution': 'Distribution'}, train_size=0.7, test_data=None, preprocess=True, imputation_type=simple, iterative_imputation_iters=5, categorical_features=None, categorical_imputation=mode, categorical_iterative_imputer=lightgbm, ordinal_features=None, high_cardinality_features=None, high_cardinality_method=frequency, numeric_features=None, numeric_imputation=mean, numeric_iterative_imputer=lightgbm, date_features=None, ignore_features=['item', 'frequency', 'recency'], normalize=True, normalize_method=minmax, transformation=False, transformation_method=yeo-johnson, handle_unknown_categorical=True, unknown_categorical_method=least_frequent, pca=False, pca_method=linear, pca_components=None, ignore_low_variance=False, combine_rare_levels=False, rare_level_threshold=0.1, bin_numeric_features=None, remove_outliers=False, outliers_threshold=0.05, remove_multicollinearity=False, multicollinearity_threshold=0.9, remove_perfect_collinearity=False, create_clusters=False, cluster_iter=20, polynomial_features=False, polynomial_degree=2, trigonometry_features=False, polynomial_threshold=0.1, group_features=None, group_names=None, feature_selection=False, feature_selection_threshold=0.8, feature_selection_method=classic, feature_interaction=False, feature_ratio=False, interaction_threshold=0.01, fix_imbalance=False, fix_imbalance_method=None, transform_target=False, transform_target_method=box-cox, data_split_shuffle=False, data_split_stratify=False, fold_strategy=kfold, fold=10, fold_shuffle=False, fold_groups=None, n_jobs=-1, use_gpu=False, custom_pipeline=None, html=True, session_id=17, log_experiment=False, experiment_name=None, log_plots=False, log_profile=False, log_data=False, silent=False, verbose=True, profile=False, profile_kwargs=None, display=None)
2022-02-11 12:26:27,100:INFO:Checking environment
2022-02-11 12:26:27,101:INFO:python_version: 3.8.12
2022-02-11 12:26:27,102:INFO:python_build: ('default', 'Oct 12 2021 03:01:40')
2022-02-11 12:26:27,103:INFO:machine: AMD64
2022-02-11 12:26:27,103:INFO:platform: Windows-10-10.0.18363-SP0
2022-02-11 12:26:27,106:WARNING:cannot find psutil installation. memory not traceable. Install psutil using pip to enable memory logging.
2022-02-11 12:26:27,106:INFO:Checking libraries
2022-02-11 12:26:27,106:INFO:pd==1.3.4
2022-02-11 12:26:27,107:INFO:numpy==1.19.5
2022-02-11 12:26:27,107:INFO:sklearn==0.23.2
2022-02-11 12:26:27,108:INFO:lightgbm==3.3.2
2022-02-11 12:26:27,110:WARNING:catboost not found
2022-02-11 12:26:27,113:WARNING:xgboost not found
2022-02-11 12:26:27,686:INFO:mlflow==1.23.0
2022-02-11 12:26:27,690:INFO:Checking Exceptions
2022-02-11 12:26:27,690:INFO:Declaring global variables
2022-02-11 12:26:27,690:INFO:USI: 081e
2022-02-11 12:26:27,690:INFO:pycaret_globals: {'iterative_imputation_iters_param', 'imputation_regressor', 'fold_shuffle_param', 'html_param', 'master_model_container', 'fold_generator', '_internal_pipeline', 'fold_groups_param', '_all_metrics', 'fix_imbalance_method_param', 'display_container', 'log_plots_param', 'stratify_param', 'fix_imbalance_param', 'fold_groups_param_full', 'pycaret_globals', 'create_model_container', 'X', '_all_models_internal', 'exp_name_log', 'fold_param', 'transform_target_param', '_gpu_n_jobs_param', 'data_before_preprocess', '_all_models', 'imputation_classifier', 'prep_pipe', 'target_param', '_available_plots', 'logging_param', 'seed', 'gpu_param', 'experiment__', 'transform_target_method_param', 'n_jobs_param', '_ml_usecase', 'USI'}
2022-02-11 12:26:27,690:INFO:Preparing display monitor
2022-02-11 12:26:27,690:INFO:Preparing display monitor
2022-02-11 12:26:27,700:INFO:Importing libraries
2022-02-11 12:26:27,701:INFO:Copying data for preprocessing
2022-02-11 12:26:27,708:INFO:Declaring preprocessing parameters
2022-02-11 12:26:27,711:INFO:Creating preprocessing pipeline
2022-02-11 12:26:27,717:INFO:Preprocessing pipeline created successfully
2022-02-11 12:26:27,717:ERROR:(Process Exit): setup has been interupted with user command 'quit'. setup must rerun.
2022-02-11 12:26:27,718:INFO:Creating global containers
2022-02-11 12:26:27,721:INFO:Internal pipeline: Pipeline(memory=None, steps=[('empty_step', 'passthrough')], verbose=False)
2022-02-11 12:26:29,101:INFO:Creating grid variables
2022-02-11 12:26:29,113:INFO:create_model_container: 0
2022-02-11 12:26:29,114:INFO:master_model_container: 0
2022-02-11 12:26:29,114:INFO:display_container: 1
2022-02-11 12:26:29,121:INFO:Pipeline(memory=None,
         steps=[('dtypes',
                 DataTypes_Auto_infer(categorical_features=[],
                                      display_types=True,
                                      features_todrop=['item', 'frequency',
                                                       'recency'],
                                      id_columns=[], ml_usecase='regression',
                                      numerical_features=[],
                                      target='UNSUPERVISED_DUMMY_TARGET',
                                      time_features=[])),
                ('imputer',
                 Simple_Imputer(categorical_strategy='most frequent',
                                fill_value_categorical=No...
                ('P_transform', 'passthrough'), ('binn', 'passthrough'),
                ('rem_outliers', 'passthrough'), ('cluster_all', 'passthrough'),
                ('dummy', Dummify(target='UNSUPERVISED_DUMMY_TARGET')),
                ('fix_perfect', 'passthrough'),
                ('clean_names', Clean_Colum_Names()),
                ('feature_select', 'passthrough'), ('fix_multi', 'passthrough'),
                ('dfs', 'passthrough'), ('pca', 'passthrough')],
         verbose=False)
2022-02-11 12:26:29,121:INFO:setup() succesfully completed......................................
2022-02-11 12:26:29,225:INFO:Initializing create_model()
2022-02-11 12:26:29,225:INFO:create_model(estimator=kmeans, num_clusters=5, fraction=0.05, ground_truth=None, round=4, fit_kwargs=None, verbose=True, system=True, add_to_model_list=True, raise_num_clusters=False, display=None, kwargs={})
2022-02-11 12:26:29,225:INFO:Checking exceptions
2022-02-11 12:26:29,226:INFO:Preparing display monitor
2022-02-11 12:26:29,242:INFO:Importing libraries
2022-02-11 12:26:29,252:INFO:Importing untrained model
2022-02-11 12:26:29,261:INFO:K-Means Clustering Imported succesfully
2022-02-11 12:26:29,273:INFO:Fitting Model
2022-02-11 12:26:29,614:INFO:KMeans(algorithm='auto', copy_x=True, init='k-means++', max_iter=300,
       n_clusters=5, n_init=10, n_jobs=-1, precompute_distances='deprecated',
       random_state=17, tol=0.0001, verbose=0)
2022-02-11 12:26:29,614:INFO:create_models() succesfully completed......................................
2022-02-11 12:26:29,615:INFO:Uploading results into container
2022-02-11 12:26:29,619:INFO:Uploading model into container now
2022-02-11 12:26:29,624:INFO:create_model_container: 1
2022-02-11 12:26:29,625:INFO:master_model_container: 1
2022-02-11 12:26:29,625:INFO:display_container: 2
2022-02-11 12:26:29,626:INFO:KMeans(algorithm='auto', copy_x=True, init='k-means++', max_iter=300,
       n_clusters=5, n_init=10, n_jobs=-1, precompute_distances='deprecated',
       random_state=17, tol=0.0001, verbose=0)
2022-02-11 12:26:29,626:INFO:create_model() succesfully completed......................................
2022-02-11 12:26:29,707:INFO:Initializing assign_model()
2022-02-11 12:26:29,707:INFO:assign_model(model=KMeans(algorithm='auto', copy_x=True, init='k-means++', max_iter=300,
       n_clusters=5, n_init=10, n_jobs=-1, precompute_distances='deprecated',
       random_state=17, tol=0.0001, verbose=0), transformation=False, score=True, verbose=True)
2022-02-11 12:26:29,707:INFO:Checking exceptions
2022-02-11 12:26:29,708:INFO:Determining Trained Model
2022-02-11 12:26:29,708:INFO:Trained Model : K-Means Clustering
2022-02-11 12:26:29,709:INFO:Copying data
2022-02-11 12:26:29,712:INFO:(2897, 6)
2022-02-11 12:26:29,712:INFO:assign_model() succesfully completed......................................
2022-02-11 12:26:29,753:INFO:Initializing plot_model()
2022-02-11 12:26:29,753:INFO:plot_model(fold=None, use_train_data=False, verbose=True, is_in_evaluate=False, display=None, display_format=None, estimator=KMeans(algorithm='auto', copy_x=True, init='k-means++', max_iter=300,
       n_clusters=5, n_init=10, n_jobs=-1, precompute_distances='deprecated',
       random_state=17, tol=0.0001, verbose=0), feature_name=None, fit_kwargs=None, groups=None, label=False, plot=elbow, plot_kwargs=None, save=False, scale=1, system=True)
2022-02-11 12:26:29,754:INFO:Checking exceptions
2022-02-11 12:26:29,754:INFO:Preparing display monitor
2022-02-11 12:26:29,761:INFO:Preloading libraries
2022-02-11 12:26:29,766:INFO:Copying training dataset
2022-02-11 12:26:29,768:INFO:Plot type: elbow
2022-02-11 12:26:29,883:INFO:Fitting Model
2022-02-11 12:26:32,657:INFO:Visual Rendered Successfully
2022-02-11 12:26:32,731:INFO:plot_model() succesfully completed......................................
2022-02-11 12:26:32,756:INFO:Initializing plot_model()
2022-02-11 12:26:32,757:INFO:plot_model(fold=None, use_train_data=False, verbose=True, is_in_evaluate=False, display=None, display_format=None, estimator=KMeans(algorithm='auto', copy_x=True, init='k-means++', max_iter=300,
       n_clusters=5, n_init=10, n_jobs=-1, precompute_distances='deprecated',
       random_state=17, tol=0.0001, verbose=0), feature_name=None, fit_kwargs=None, groups=None, label=False, plot=silhouette, plot_kwargs=None, save=False, scale=1, system=True)
2022-02-11 12:26:32,757:INFO:Checking exceptions
2022-02-11 12:26:32,757:INFO:Preparing display monitor
2022-02-11 12:26:32,764:INFO:Preloading libraries
2022-02-11 12:26:32,766:INFO:Copying training dataset
2022-02-11 12:26:32,767:INFO:Plot type: silhouette
2022-02-11 12:26:32,769:INFO:Fitting Model
2022-02-11 12:26:33,218:INFO:Visual Rendered Successfully
2022-02-11 12:26:33,289:INFO:plot_model() succesfully completed......................................
2022-02-11 12:26:33,321:INFO:Initializing plot_model()
2022-02-11 12:26:33,321:INFO:plot_model(fold=None, use_train_data=False, verbose=True, is_in_evaluate=False, display=None, display_format=None, estimator=KMeans(algorithm='auto', copy_x=True, init='k-means++', max_iter=300,
       n_clusters=5, n_init=10, n_jobs=-1, precompute_distances='deprecated',
       random_state=17, tol=0.0001, verbose=0), feature_name=None, fit_kwargs=None, groups=None, label=False, plot=cluster, plot_kwargs=None, save=False, scale=1, system=True)
2022-02-11 12:26:33,322:INFO:Checking exceptions
2022-02-11 12:26:33,322:INFO:Preparing display monitor
2022-02-11 12:26:33,332:INFO:Preloading libraries
2022-02-11 12:26:33,334:INFO:Copying training dataset
2022-02-11 12:26:33,335:INFO:Plot type: cluster
2022-02-11 12:26:33,337:INFO:SubProcess assign_model() called ==================================
2022-02-11 12:26:33,339:INFO:Initializing assign_model()
2022-02-11 12:26:33,339:INFO:assign_model(model=Pipeline(memory=None,
         steps=[('empty_step', 'passthrough'),
                ('actual_estimator',
                 KMeans(algorithm='auto', copy_x=True, init='k-means++',
                        max_iter=300, n_clusters=5, n_init=10, n_jobs=-1,
                        precompute_distances='deprecated', random_state=17,
                        tol=0.0001, verbose=0))],
         verbose=False), transformation=True, score=True, verbose=False)
2022-02-11 12:26:33,340:INFO:Checking exceptions
2022-02-11 12:26:33,340:INFO:Determining Trained Model
2022-02-11 12:26:33,341:INFO:Trained Model : K-Means Clustering
2022-02-11 12:26:33,342:INFO:Copying data
2022-02-11 12:26:33,342:INFO:Transformation param set to True. Assigned clusters are attached on transformed dataset.
2022-02-11 12:26:33,346:INFO:(2897, 3)
2022-02-11 12:26:33,346:INFO:assign_model() succesfully completed......................................
2022-02-11 12:26:33,347:INFO:SubProcess assign_model() end ==================================
2022-02-11 12:26:33,350:INFO:Fitting PCA()
2022-02-11 12:26:33,353:INFO:Sorting dataframe
2022-02-11 12:26:33,358:INFO:Rendering Visual
2022-02-11 12:26:34,454:INFO:Visual Rendered Successfully
2022-02-11 12:26:34,591:INFO:plot_model() succesfully completed......................................
2022-02-11 12:26:34,830:INFO:Initializing plot_model()
2022-02-11 12:26:34,831:INFO:plot_model(fold=None, use_train_data=False, verbose=True, is_in_evaluate=False, display=None, display_format=None, estimator=KMeans(algorithm='auto', copy_x=True, init='k-means++', max_iter=300,
       n_clusters=5, n_init=10, n_jobs=-1, precompute_distances='deprecated',
       random_state=17, tol=0.0001, verbose=0), feature_name=None, fit_kwargs=None, groups=None, label=False, plot=distance, plot_kwargs=None, save=False, scale=1, system=True)
2022-02-11 12:26:34,831:INFO:Checking exceptions
2022-02-11 12:26:34,832:INFO:Preparing display monitor
2022-02-11 12:26:34,839:INFO:Preloading libraries
2022-02-11 12:26:34,841:INFO:Copying training dataset
2022-02-11 12:26:34,842:INFO:Plot type: distance
2022-02-11 12:26:34,898:INFO:Fitting Model
2022-02-11 12:26:35,113:INFO:Visual Rendered Successfully
2022-02-11 12:26:35,211:INFO:plot_model() succesfully completed......................................
2022-02-11 12:26:35,239:INFO:Initializing plot_model()
2022-02-11 12:26:35,240:INFO:plot_model(fold=None, use_train_data=False, verbose=True, is_in_evaluate=False, display=None, display_format=None, estimator=KMeans(algorithm='auto', copy_x=True, init='k-means++', max_iter=300,
       n_clusters=5, n_init=10, n_jobs=-1, precompute_distances='deprecated',
       random_state=17, tol=0.0001, verbose=0), feature_name=None, fit_kwargs=None, groups=None, label=False, plot=distribution, plot_kwargs=None, save=False, scale=1, system=True)
2022-02-11 12:26:35,241:INFO:Checking exceptions
2022-02-11 12:26:35,241:INFO:Preparing display monitor
2022-02-11 12:26:35,252:INFO:Preloading libraries
2022-02-11 12:26:35,254:INFO:Copying training dataset
2022-02-11 12:26:35,257:INFO:Plot type: distribution
2022-02-11 12:26:35,260:INFO:SubProcess assign_model() called ==================================
2022-02-11 12:26:35,262:INFO:Initializing assign_model()
2022-02-11 12:26:35,263:INFO:assign_model(model=Pipeline(memory=None,
         steps=[('empty_step', 'passthrough'),
                ('actual_estimator',
                 KMeans(algorithm='auto', copy_x=True, init='k-means++',
                        max_iter=300, n_clusters=5, n_init=10, n_jobs=-1,
                        precompute_distances='deprecated', random_state=17,
                        tol=0.0001, verbose=0))],
         verbose=False), transformation=False, score=True, verbose=False)
2022-02-11 12:26:35,265:INFO:Checking exceptions
2022-02-11 12:26:35,268:INFO:Determining Trained Model
2022-02-11 12:26:35,269:INFO:Trained Model : K-Means Clustering
2022-02-11 12:26:35,269:INFO:Copying data
2022-02-11 12:26:35,272:INFO:(2897, 6)
2022-02-11 12:26:35,272:INFO:assign_model() succesfully completed......................................
2022-02-11 12:26:35,273:INFO:SubProcess assign_model() end ==================================
2022-02-11 12:26:35,274:INFO:Sorting dataframe
2022-02-11 12:26:35,288:INFO:Rendering Visual
2022-02-11 12:26:35,553:INFO:Visual Rendered Successfully
2022-02-11 12:26:35,655:INFO:plot_model() succesfully completed......................................
2022-02-11 12:26:35,877:INFO:Initializing plot_model()
2022-02-11 12:26:35,877:INFO:plot_model(fold=None, use_train_data=False, verbose=True, is_in_evaluate=False, display=None, display_format=None, estimator=KMeans(algorithm='auto', copy_x=True, init='k-means++', max_iter=300,
       n_clusters=5, n_init=10, n_jobs=-1, precompute_distances='deprecated',
       random_state=17, tol=0.0001, verbose=0), feature_name=frequency, fit_kwargs=None, groups=None, label=False, plot=distribution, plot_kwargs=None, save=False, scale=1, system=True)
2022-02-11 12:26:35,877:INFO:Checking exceptions
2022-02-11 12:26:35,878:INFO:Preparing display monitor
2022-02-11 12:26:35,888:INFO:Preloading libraries
2022-02-11 12:26:35,890:INFO:Copying training dataset
2022-02-11 12:26:35,890:INFO:Plot type: distribution
2022-02-11 12:26:35,893:INFO:SubProcess assign_model() called ==================================
2022-02-11 12:26:35,896:INFO:Initializing assign_model()
2022-02-11 12:26:35,897:INFO:assign_model(model=Pipeline(memory=None,
         steps=[('empty_step', 'passthrough'),
                ('actual_estimator',
                 KMeans(algorithm='auto', copy_x=True, init='k-means++',
                        max_iter=300, n_clusters=5, n_init=10, n_jobs=-1,
                        precompute_distances='deprecated', random_state=17,
                        tol=0.0001, verbose=0))],
         verbose=False), transformation=False, score=True, verbose=False)
2022-02-11 12:26:35,898:INFO:Checking exceptions
2022-02-11 12:26:35,898:INFO:Determining Trained Model
2022-02-11 12:26:35,899:INFO:Trained Model : K-Means Clustering
2022-02-11 12:26:35,899:INFO:Copying data
2022-02-11 12:26:35,902:INFO:(2897, 6)
2022-02-11 12:26:35,903:INFO:assign_model() succesfully completed......................................
2022-02-11 12:26:35,904:INFO:SubProcess assign_model() end ==================================
2022-02-11 12:26:35,904:INFO:Sorting dataframe
2022-02-11 12:26:35,912:INFO:Rendering Visual
2022-02-11 12:26:36,080:INFO:Visual Rendered Successfully
2022-02-11 12:26:36,166:INFO:plot_model() succesfully completed......................................
2022-02-11 12:26:36,194:INFO:Initializing plot_model()
2022-02-11 12:26:36,194:INFO:plot_model(fold=None, use_train_data=False, verbose=True, is_in_evaluate=False, display=None, display_format=None, estimator=KMeans(algorithm='auto', copy_x=True, init='k-means++', max_iter=300,
       n_clusters=5, n_init=10, n_jobs=-1, precompute_distances='deprecated',
       random_state=17, tol=0.0001, verbose=0), feature_name=recency, fit_kwargs=None, groups=None, label=False, plot=distribution, plot_kwargs=None, save=False, scale=1, system=True)
2022-02-11 12:26:36,195:INFO:Checking exceptions
2022-02-11 12:26:36,195:INFO:Preparing display monitor
2022-02-11 12:26:36,205:INFO:Preloading libraries
2022-02-11 12:26:36,206:INFO:Copying training dataset
2022-02-11 12:26:36,206:INFO:Plot type: distribution
2022-02-11 12:26:36,208:INFO:SubProcess assign_model() called ==================================
2022-02-11 12:26:36,210:INFO:Initializing assign_model()
2022-02-11 12:26:36,211:INFO:assign_model(model=Pipeline(memory=None,
         steps=[('empty_step', 'passthrough'),
                ('actual_estimator',
                 KMeans(algorithm='auto', copy_x=True, init='k-means++',
                        max_iter=300, n_clusters=5, n_init=10, n_jobs=-1,
                        precompute_distances='deprecated', random_state=17,
                        tol=0.0001, verbose=0))],
         verbose=False), transformation=False, score=True, verbose=False)
2022-02-11 12:26:36,212:INFO:Checking exceptions
2022-02-11 12:26:36,212:INFO:Determining Trained Model
2022-02-11 12:26:36,214:INFO:Trained Model : K-Means Clustering
2022-02-11 12:26:36,214:INFO:Copying data
2022-02-11 12:26:36,217:INFO:(2897, 6)
2022-02-11 12:26:36,218:INFO:assign_model() succesfully completed......................................
2022-02-11 12:26:36,219:INFO:SubProcess assign_model() end ==================================
2022-02-11 12:26:36,220:INFO:Sorting dataframe
2022-02-11 12:26:36,227:INFO:Rendering Visual
2022-02-11 12:26:36,367:INFO:Visual Rendered Successfully
2022-02-11 12:26:36,453:INFO:plot_model() succesfully completed......................................
2022-02-11 12:26:36,506:INFO:Initializing predict_model()
2022-02-11 12:26:36,506:INFO:predict_model(estimator=KMeans(algorithm='auto', copy_x=True, init='k-means++', max_iter=300,
       n_clusters=5, n_init=10, n_jobs=-1, precompute_distances='deprecated',
       random_state=17, tol=0.0001, verbose=0), ml_usecase=MLUsecase.CLUSTERING)
2022-02-11 12:26:37,094:INFO:Initializing save_model()
2022-02-11 12:26:37,094:INFO:save_model(model=KMeans(algorithm='auto', copy_x=True, init='k-means++', max_iter=300,
       n_clusters=5, n_init=10, n_jobs=-1, precompute_distances='deprecated',
       random_state=17, tol=0.0001, verbose=0), model_name=cluster_model_items, prep_pipe_=Pipeline(memory=None,
         steps=[('dtypes',
                 DataTypes_Auto_infer(categorical_features=[],
                                      display_types=True,
                                      features_todrop=['item', 'frequency',
                                                       'recency'],
                                      id_columns=[], ml_usecase='regression',
                                      numerical_features=[],
                                      target='UNSUPERVISED_DUMMY_TARGET',
                                      time_features=[])),
                ('imputer',
                 Simple_Imputer(categorical_strategy='most frequent',
                                fill_value_categorical=No...
                ('P_transform', 'passthrough'), ('binn', 'passthrough'),
                ('rem_outliers', 'passthrough'), ('cluster_all', 'passthrough'),
                ('dummy', Dummify(target='UNSUPERVISED_DUMMY_TARGET')),
                ('fix_perfect', 'passthrough'),
                ('clean_names', Clean_Colum_Names()),
                ('feature_select', 'passthrough'), ('fix_multi', 'passthrough'),
                ('dfs', 'passthrough'), ('pca', 'passthrough')],
         verbose=False), verbose=True, kwargs={})
2022-02-11 12:26:37,094:INFO:Adding model into prep_pipe
2022-02-11 12:26:37,109:INFO:cluster_model_items.pkl saved in current working directory
2022-02-11 12:26:37,118:INFO:Pipeline(memory=None,
         steps=[('dtypes',
                 DataTypes_Auto_infer(categorical_features=[],
                                      display_types=True,
                                      features_todrop=['item', 'frequency',
                                                       'recency'],
                                      id_columns=[], ml_usecase='regression',
                                      numerical_features=[],
                                      target='UNSUPERVISED_DUMMY_TARGET',
                                      time_features=[])),
                ('imputer',
                 Simple_Imputer(categorical_strategy='most frequent',
                                fill_value_categorical=No...
                ('fix_perfect', 'passthrough'),
                ('clean_names', Clean_Colum_Names()),
                ('feature_select', 'passthrough'), ('fix_multi', 'passthrough'),
                ('dfs', 'passthrough'), ('pca', 'passthrough'),
                ['trained_model',
                 KMeans(algorithm='auto', copy_x=True, init='k-means++',
                        max_iter=300, n_clusters=5, n_init=10, n_jobs=-1,
                        precompute_distances='deprecated', random_state=17,
                        tol=0.0001, verbose=0)]],
         verbose=False)
2022-02-11 12:26:37,118:INFO:save_model() successfully completed......................................
2022-02-11 12:26:38,733:INFO:Initializing predict_model()
2022-02-11 12:26:38,733:INFO:predict_model(estimator=KMeans(algorithm='auto', copy_x=True, init='k-means++', max_iter=300,
       n_clusters=5, n_init=10, n_jobs=-1, precompute_distances='deprecated',
       random_state=17, tol=0.0001, verbose=0), ml_usecase=MLUsecase.CLUSTERING)
2022-02-11 12:26:40,508:INFO:Initializing predict_model()
2022-02-11 12:26:40,508:INFO:predict_model(estimator=KMeans(algorithm='auto', copy_x=True, init='k-means++', max_iter=300,
       n_clusters=5, n_init=10, n_jobs=-1, precompute_distances='deprecated',
       random_state=17, tol=0.0001, verbose=0), ml_usecase=MLUsecase.CLUSTERING)
2022-02-11 12:26:42,461:INFO:Initializing predict_model()
2022-02-11 12:26:42,462:INFO:predict_model(estimator=KMeans(algorithm='auto', copy_x=True, init='k-means++', max_iter=300,
       n_clusters=5, n_init=10, n_jobs=-1, precompute_distances='deprecated',
       random_state=17, tol=0.0001, verbose=0), ml_usecase=MLUsecase.CLUSTERING)
2022-02-11 12:26:44,484:INFO:Initializing predict_model()
2022-02-11 12:26:44,484:INFO:predict_model(estimator=KMeans(algorithm='auto', copy_x=True, init='k-means++', max_iter=300,
       n_clusters=5, n_init=10, n_jobs=-1, precompute_distances='deprecated',
       random_state=17, tol=0.0001, verbose=0), ml_usecase=MLUsecase.CLUSTERING)
2022-02-11 12:26:46,081:INFO:Initializing predict_model()
2022-02-11 12:26:46,081:INFO:predict_model(estimator=KMeans(algorithm='auto', copy_x=True, init='k-means++', max_iter=300,
       n_clusters=5, n_init=10, n_jobs=-1, precompute_distances='deprecated',
       random_state=17, tol=0.0001, verbose=0), ml_usecase=MLUsecase.CLUSTERING)
2022-02-11 12:26:47,927:INFO:Initializing predict_model()
2022-02-11 12:26:47,927:INFO:predict_model(estimator=KMeans(algorithm='auto', copy_x=True, init='k-means++', max_iter=300,
       n_clusters=5, n_init=10, n_jobs=-1, precompute_distances='deprecated',
       random_state=17, tol=0.0001, verbose=0), ml_usecase=MLUsecase.CLUSTERING)
2022-02-11 12:26:49,730:INFO:Initializing predict_model()
2022-02-11 12:26:49,731:INFO:predict_model(estimator=KMeans(algorithm='auto', copy_x=True, init='k-means++', max_iter=300,
       n_clusters=5, n_init=10, n_jobs=-1, precompute_distances='deprecated',
       random_state=17, tol=0.0001, verbose=0), ml_usecase=MLUsecase.CLUSTERING)
2022-02-11 12:26:51,414:INFO:Initializing predict_model()
2022-02-11 12:26:51,414:INFO:predict_model(estimator=KMeans(algorithm='auto', copy_x=True, init='k-means++', max_iter=300,
       n_clusters=5, n_init=10, n_jobs=-1, precompute_distances='deprecated',
       random_state=17, tol=0.0001, verbose=0), ml_usecase=MLUsecase.CLUSTERING)
2022-02-11 12:26:53,083:INFO:Initializing predict_model()
2022-02-11 12:26:53,083:INFO:predict_model(estimator=KMeans(algorithm='auto', copy_x=True, init='k-means++', max_iter=300,
       n_clusters=5, n_init=10, n_jobs=-1, precompute_distances='deprecated',
       random_state=17, tol=0.0001, verbose=0), ml_usecase=MLUsecase.CLUSTERING)
